#
# A fatal error has been detected by the Java Runtime Environment:
#
#  EXCEPTION_ACCESS_VIOLATION (0xc0000005) at pc=0x00007ffd26291da5, pid=17916, tid=24936
#
# JRE version: Java(TM) SE Runtime Environment (15.0.1+9) (build 15.0.1+9-18)
# Java VM: Java HotSpot(TM) 64-Bit Server VM (15.0.1+9-18, mixed mode, sharing, tiered, compressed oops, g1 gc, windows-amd64)
# Problematic frame:
# C  [glfw.dll+0x1da5]
#
# No core dump will be written. Minidumps are not enabled by default on client versions of Windows
#
# If you would like to submit a bug report, please visit:
#   https://bugreport.java.com/bugreport/crash.jsp
# The crash happened outside the Java Virtual Machine in native code.
# See problematic frame for where to report the bug.
#

---------------  S U M M A R Y ------------

Command Line: -Dfile.encoding=Cp1252 -XX:+ShowCodeDetailsInExceptionMessages Main

Host: 11th Gen Intel(R) Core(TM) i7-1165G7 @ 2.80GHz, 8 cores, 7G,  Windows 10 , 64 bit Build 22621 (10.0.22621.2506)
Time: Fri Dec  8 21:43:56 2023 Central Standard Time elapsed time: 0.962079 seconds (0d 0h 0m 0s)

---------------  T H R E A D  ---------------

Current thread (0x0000024e37ae9850):  JavaThread "main" [_thread_in_native, id=24936, stack(0x000000509c000000,0x000000509c100000)]

Stack: [0x000000509c000000,0x000000509c100000],  sp=0x000000509c0ff418,  free space=1021k
Native frames: (J=compiled Java code, j=interpreted, Vv=VM code, C=native code)
C  [glfw.dll+0x1da5]

Java frames: (J=compiled Java code, j=interpreted, Vv=VM code)
j  org.lwjgl.system.JNI.invokePV(JJ)V+0
j  org.lwjgl.glfw.GLFW.glfwSwapBuffers(J)V+17
j  Window.update()V+4
j  Main.main([Ljava/lang/String;)V+28
v  ~StubRoutines::call_stub

siginfo: EXCEPTION_ACCESS_VIOLATION (0xc0000005), reading address 0x0000000000000209


Register to memory mapping:

RIP=0x00007ffd26291da5 glfw.dll
RAX=0x00007ffd264d1380 lwjgl.dll
RBX={method} {0x0000024e568f2848} 'invokePV' '(JJ)V' in 'org/lwjgl/system/JNI'
RCX=0x0000000000000001 is an unknown value
RDX=0x000000509c0ff4c0 is pointing into the stack for thread: 0x0000024e37ae9850
RSP=0x000000509c0ff418 is pointing into the stack for thread: 0x0000024e37ae9850
RBP=0x000000509c0ff4b0 is pointing into the stack for thread: 0x0000024e37ae9850
RSI=0x0 is NULL
RDI=0x0000024e3fd1a1aa is at code_begin+2346 in an Interpreter codelet
invoke return entry points  [0x0000024e3fd19880, 0x0000024e3fd1a280]  2560 bytes
R8 =0x0000000000000001 is an unknown value
R9 =0x00007ffd26291d90 glfw.dll
R10=0x0000024e3fd1f148 is at code_begin+1000 in an Interpreter codelet
method entry point (kind = native)  [0x0000024e3fd1ed60, 0x0000024e3fd1f7e0]  2688 bytes
R11=0x000000008b55c6c0 is an oop: java.lang.Class 
{0x000000008b55c6c0} - klass: 'java/lang/Class'
R12=0x0 is NULL
R13={method} {0x0000024e568f2848} 'invokePV' '(JJ)V' in 'org/lwjgl/system/JNI'
R14=0x000000509c0ff4e8 is pointing into the stack for thread: 0x0000024e37ae9850
R15=0x0000024e37ae9850 is a thread


Registers:
RAX=0x00007ffd264d1380, RBX=0x0000024e568f2840, RCX=0x0000000000000001, RDX=0x000000509c0ff4c0
RSP=0x000000509c0ff418, RBP=0x000000509c0ff4b0, RSI=0x0000000000000000, RDI=0x0000024e3fd1a1aa
R8 =0x0000000000000001, R9 =0x00007ffd26291d90, R10=0x0000024e3fd1f148, R11=0x000000008b55c6c0
R12=0x0000000000000000, R13=0x0000024e568f2840, R14=0x000000509c0ff4e8, R15=0x0000024e37ae9850
RIP=0x00007ffd26291da5, EFLAGS=0x0000000000010202

Top of Stack: (sp=0x000000509c0ff418)
0x000000509c0ff418:   0000024e3fd1f177 0000024e568f2840
0x000000509c0ff428:   000000509c0ff470 0000024e3fd1a1aa
0x000000509c0ff438:   0000024e3fd1ee72 0000024e568f2840
0x000000509c0ff448:   0000000000000000 0000024e37ae9850
0x000000509c0ff458:   0000024e37ae9850 0000024e3fd1ee16
0x000000509c0ff468:   000000509c0ff468 0000024e568f2840
0x000000509c0ff478:   000000509c0ff4e8 0000024e56929440
0x000000509c0ff488:   0000000000000000 000000008b55c6c0
0x000000509c0ff498:   0000024e568f2840 0000000000000000
0x000000509c0ff4a8:   000000509c0ff4d0 000000509c0ff538
0x000000509c0ff4b8:   0000024e3fd1a1aa 000000008b55c6c0
0x000000509c0ff4c8:   0000024e3fd1c218 00007ffd26291d90
0x000000509c0ff4d8:   0000000000000000 0000000000000001
0x000000509c0ff4e8:   0000000000000000 000000509c0ff4f0
0x000000509c0ff4f8:   0000024e56870251 000000509c0ff560
0x000000509c0ff508:   0000024e5687b790 0000000000000000 

Instructions: (pc=0x00007ffd26291da5)
0x00007ffd26291ca5:   01 00 01 00 e8 f2 01 00 00 33 c0 48 83 c4 20 5b
0x00007ffd26291cb5:   c3 48 8d 0d 57 73 07 00 e8 fe 98 00 00 48 85 c0
0x00007ffd26291cc5:   75 19 48 8d 15 42 ef 02 00 b9 02 00 01 00 e8 c8
0x00007ffd26291cd5:   01 00 00 33 c0 48 83 c4 20 5b c3 48 8b cb 48 83
0x00007ffd26291ce5:   c4 20 5b 48 ff a0 70 02 00 00 cc 40 53 48 83 ec
0x00007ffd26291cf5:   20 83 3d 73 59 07 00 00 48 8b d9 75 11 33 d2 b9
0x00007ffd26291d05:   01 00 01 00 48 83 c4 20 5b e9 8d 01 00 00 48 8d
0x00007ffd26291d15:   0d fa 72 07 00 e8 a1 98 00 00 48 8b d0 48 85 db
0x00007ffd26291d25:   74 1f 83 bb 08 02 00 00 00 75 16 48 8d 15 49 ed
0x00007ffd26291d35:   02 00 b9 0a 00 01 00 48 83 c4 20 5b e9 5a 01 00
0x00007ffd26291d45:   00 48 85 d2 74 1b 48 85 db 74 0e 8b 80 0c 02 00
0x00007ffd26291d55:   00 39 83 0c 02 00 00 74 0d 33 c9 ff 92 50 02 00
0x00007ffd26291d65:   00 48 85 db 74 12 48 8b cb 48 8b 83 50 02 00 00
0x00007ffd26291d75:   48 83 c4 20 5b 48 ff e0 48 83 c4 20 5b c3 cc cc
0x00007ffd26291d85:   cc cc cc cc cc cc cc cc cc cc cc 83 3d d9 58 07
0x00007ffd26291d95:   00 00 75 0c 33 d2 b9 01 00 01 00 e9 fb 00 00 00
0x00007ffd26291da5:   83 b9 08 02 00 00 00 75 11 48 8d 15 1b ed 02 00
0x00007ffd26291db5:   b9 0a 00 01 00 e9 e1 00 00 00 48 ff a1 58 02 00
0x00007ffd26291dc5:   00 cc cc cc cc cc cc cc cc cc cc 40 53 48 83 ec
0x00007ffd26291dd5:   20 83 3d 93 58 07 00 00 8b d9 75 11 33 d2 b9 01
0x00007ffd26291de5:   00 01 00 48 83 c4 20 5b e9 ae 00 00 00 48 8d 0d
0x00007ffd26291df5:   1b 72 07 00 e8 c2 97 00 00 48 85 c0 75 16 48 8d
0x00007ffd26291e05:   15 16 ed 02 00 b9 02 00 01 00 48 83 c4 20 5b e9
0x00007ffd26291e15:   87 00 00 00 8b cb 48 83 c4 20 5b 48 ff a0 60 02
0x00007ffd26291e25:   00 00 cc cc cc cc cc cc cc cc cc 48 89 54 24 10
0x00007ffd26291e35:   4c 89 44 24 18 4c 89 4c 24 20 53 56 57 48 83 ec
0x00007ffd26291e45:   30 48 8b da 48 8d 74 24 60 48 8b f9 e8 aa f1 ff
0x00007ffd26291e55:   ff 48 89 74 24 28 4c 8b cb 49 c7 c0 ff ff ff ff
0x00007ffd26291e65:   48 c7 44 24 20 00 00 00 00 48 8b d7 48 8b 08 e8
0x00007ffd26291e75:   8f c7 01 00 48 83 c4 30 5f 5e 5b c3 cc cc cc cc
0x00007ffd26291e85:   cc cc cc cc cc cc cc cc cc cc cc 48 8d 05 f1 9a
0x00007ffd26291e95:   07 00 c3 cc cc cc cc cc cc cc cc 4c 8b dc 49 89 


Stack slot to memory mapping:
stack at sp + 0 slots: 0x0000024e3fd1f177 is at code_begin+1047 in an Interpreter codelet
method entry point (kind = native)  [0x0000024e3fd1ed60, 0x0000024e3fd1f7e0]  2688 bytes
stack at sp + 1 slots: {method} {0x0000024e568f2848} 'invokePV' '(JJ)V' in 'org/lwjgl/system/JNI'
stack at sp + 2 slots: 0x000000509c0ff470 is pointing into the stack for thread: 0x0000024e37ae9850
stack at sp + 3 slots: 0x0000024e3fd1a1aa is at code_begin+2346 in an Interpreter codelet
invoke return entry points  [0x0000024e3fd19880, 0x0000024e3fd1a280]  2560 bytes
stack at sp + 4 slots: 0x0000024e3fd1ee72 is at code_begin+274 in an Interpreter codelet
method entry point (kind = native)  [0x0000024e3fd1ed60, 0x0000024e3fd1f7e0]  2688 bytes
stack at sp + 5 slots: {method} {0x0000024e568f2848} 'invokePV' '(JJ)V' in 'org/lwjgl/system/JNI'
stack at sp + 6 slots: 0x0 is NULL
stack at sp + 7 slots: 0x0000024e37ae9850 is a thread


---------------  P R O C E S S  ---------------

Threads class SMR info:
_java_thread_list=0x0000024e57672740, length=14, elements={
0x0000024e37ae9850, 0x0000024e563e52b0, 0x0000024e563e7e90, 0x0000024e564051f0,
0x0000024e56407bb0, 0x0000024e56408560, 0x0000024e564092f0, 0x0000024e5641aef0,
0x0000024e56430c10, 0x0000024e56e3cd70, 0x0000024e56e8a3c0, 0x0000024e572a8a40,
0x0000024e573f5830, 0x0000024e573f5f20
}

Java Threads: ( => current thread )
=>0x0000024e37ae9850 JavaThread "main" [_thread_in_native, id=24936, stack(0x000000509c000000,0x000000509c100000)]
  0x0000024e563e52b0 JavaThread "Reference Handler" daemon [_thread_blocked, id=28316, stack(0x000000509c700000,0x000000509c800000)]
  0x0000024e563e7e90 JavaThread "Finalizer" daemon [_thread_blocked, id=2936, stack(0x000000509c800000,0x000000509c900000)]
  0x0000024e564051f0 JavaThread "Signal Dispatcher" daemon [_thread_blocked, id=25420, stack(0x000000509c900000,0x000000509ca00000)]
  0x0000024e56407bb0 JavaThread "Attach Listener" daemon [_thread_blocked, id=12592, stack(0x000000509ca00000,0x000000509cb00000)]
  0x0000024e56408560 JavaThread "Service Thread" daemon [_thread_blocked, id=18584, stack(0x000000509cb00000,0x000000509cc00000)]
  0x0000024e564092f0 JavaThread "C2 CompilerThread0" daemon [_thread_blocked, id=19584, stack(0x000000509cc00000,0x000000509cd00000)]
  0x0000024e5641aef0 JavaThread "C1 CompilerThread0" daemon [_thread_blocked, id=17156, stack(0x000000509cd00000,0x000000509ce00000)]
  0x0000024e56430c10 JavaThread "Sweeper thread" daemon [_thread_blocked, id=8484, stack(0x000000509ce00000,0x000000509cf00000)]
  0x0000024e56e3cd70 JavaThread "Notification Thread" daemon [_thread_blocked, id=16132, stack(0x000000509cf00000,0x000000509d000000)]
  0x0000024e56e8a3c0 JavaThread "Common-Cleaner" daemon [_thread_blocked, id=16368, stack(0x000000509d100000,0x000000509d200000)]
  0x0000024e572a8a40 JavaThread "Java2D Disposer" daemon [_thread_blocked, id=11200, stack(0x000000509d400000,0x000000509d500000)]
  0x0000024e573f5830 JavaThread "AWT-Shutdown" [_thread_blocked, id=16460, stack(0x000000509d500000,0x000000509d600000)]
  0x0000024e573f5f20 JavaThread "AWT-Windows" daemon [_thread_in_native, id=19008, stack(0x000000509d600000,0x000000509d700000)]

Other Threads:
  0x0000024e563e2a20 VMThread "VM Thread" [stack: 0x000000509c600000,0x000000509c700000] [id=21636]
  0x0000024e56e45a70 WatcherThread [stack: 0x000000509d000000,0x000000509d100000] [id=13540]
  0x0000024e37b291d0 GCTaskThread "GC Thread#0" [stack: 0x000000509c100000,0x000000509c200000] [id=22804]
  0x0000024e37b3b350 ConcurrentGCThread "G1 Main Marker" [stack: 0x000000509c200000,0x000000509c300000] [id=10148]
  0x0000024e37b3bf40 ConcurrentGCThread "G1 Conc#0" [stack: 0x000000509c300000,0x000000509c400000] [id=14744]
  0x0000024e37ba41a0 ConcurrentGCThread "G1 Refine#0" [stack: 0x000000509c400000,0x000000509c500000] [id=2412]
  0x0000024e562510a0 ConcurrentGCThread "G1 Young RemSet Sampling" [stack: 0x000000509c500000,0x000000509c600000] [id=29528]

Threads with active compile tasks:

VM state: not at safepoint (normal execution)

VM Mutex/Monitor currently owned by a thread: None

Heap address: 0x0000000084400000, size: 1980 MB, Compressed Oops mode: 32-bit
CDS archive(s) mapped at: [0x0000000800000000-0x0000000800b50000-0x0000000800b50000), size 11862016, SharedBaseAddress: 0x0000000800000000, ArchiveRelocationMode: 0.
Compressed class space mapped at: 0x0000000800b50000-0x0000000840b50000, size: 1073741824
Narrow klass base: 0x0000000800000000, Narrow klass shift: 3, Narrow klass range: 0x100000000

GC Precious Log:
 CPUs: 8 total, 8 available
 Memory: 7914M
 Large Page Support: Disabled
 NUMA Support: Disabled
 Compressed Oops: Enabled (32-bit)
 Heap Region Size: 1M
 Heap Min Capacity: 8M
 Heap Initial Capacity: 124M
 Heap Max Capacity: 1980M
 Pre-touch: Disabled
 Parallel Workers: 8
 Concurrent Workers: 2
 Concurrent Refinement Workers: 8
 Periodic GC: Disabled

Heap:
 garbage-first heap   total 126976K, used 10240K [0x0000000084400000, 0x0000000100000000)
  region size 1024K, 11 young (11264K), 0 survivors (0K)
 Metaspace       used 4410K, capacity 5521K, committed 5632K, reserved 1056768K
  class space    used 361K, capacity 476K, committed 512K, reserved 1048576K

Heap Regions: E=young(eden), S=young(survivor), O=old, HS=humongous(starts), HC=humongous(continues), CS=collection set, F=free, OA=open archive, CA=closed archive, TAMS=top-at-mark-start (previous, next)
|   0|0x0000000084400000, 0x0000000084400000, 0x0000000084500000|  0%| F|  |TAMS 0x0000000084400000, 0x0000000084400000| Untracked 
|   1|0x0000000084500000, 0x0000000084500000, 0x0000000084600000|  0%| F|  |TAMS 0x0000000084500000, 0x0000000084500000| Untracked 
|   2|0x0000000084600000, 0x0000000084600000, 0x0000000084700000|  0%| F|  |TAMS 0x0000000084600000, 0x0000000084600000| Untracked 
|   3|0x0000000084700000, 0x0000000084700000, 0x0000000084800000|  0%| F|  |TAMS 0x0000000084700000, 0x0000000084700000| Untracked 
|   4|0x0000000084800000, 0x0000000084800000, 0x0000000084900000|  0%| F|  |TAMS 0x0000000084800000, 0x0000000084800000| Untracked 
|   5|0x0000000084900000, 0x0000000084900000, 0x0000000084a00000|  0%| F|  |TAMS 0x0000000084900000, 0x0000000084900000| Untracked 
|   6|0x0000000084a00000, 0x0000000084a00000, 0x0000000084b00000|  0%| F|  |TAMS 0x0000000084a00000, 0x0000000084a00000| Untracked 
|   7|0x0000000084b00000, 0x0000000084b00000, 0x0000000084c00000|  0%| F|  |TAMS 0x0000000084b00000, 0x0000000084b00000| Untracked 
|   8|0x0000000084c00000, 0x0000000084c00000, 0x0000000084d00000|  0%| F|  |TAMS 0x0000000084c00000, 0x0000000084c00000| Untracked 
|   9|0x0000000084d00000, 0x0000000084d00000, 0x0000000084e00000|  0%| F|  |TAMS 0x0000000084d00000, 0x0000000084d00000| Untracked 
|  10|0x0000000084e00000, 0x0000000084e00000, 0x0000000084f00000|  0%| F|  |TAMS 0x0000000084e00000, 0x0000000084e00000| Untracked 
|  11|0x0000000084f00000, 0x0000000084f00000, 0x0000000085000000|  0%| F|  |TAMS 0x0000000084f00000, 0x0000000084f00000| Untracked 
|  12|0x0000000085000000, 0x0000000085000000, 0x0000000085100000|  0%| F|  |TAMS 0x0000000085000000, 0x0000000085000000| Untracked 
|  13|0x0000000085100000, 0x0000000085100000, 0x0000000085200000|  0%| F|  |TAMS 0x0000000085100000, 0x0000000085100000| Untracked 
|  14|0x0000000085200000, 0x0000000085200000, 0x0000000085300000|  0%| F|  |TAMS 0x0000000085200000, 0x0000000085200000| Untracked 
|  15|0x0000000085300000, 0x0000000085300000, 0x0000000085400000|  0%| F|  |TAMS 0x0000000085300000, 0x0000000085300000| Untracked 
|  16|0x0000000085400000, 0x0000000085400000, 0x0000000085500000|  0%| F|  |TAMS 0x0000000085400000, 0x0000000085400000| Untracked 
|  17|0x0000000085500000, 0x0000000085500000, 0x0000000085600000|  0%| F|  |TAMS 0x0000000085500000, 0x0000000085500000| Untracked 
|  18|0x0000000085600000, 0x0000000085600000, 0x0000000085700000|  0%| F|  |TAMS 0x0000000085600000, 0x0000000085600000| Untracked 
|  19|0x0000000085700000, 0x0000000085700000, 0x0000000085800000|  0%| F|  |TAMS 0x0000000085700000, 0x0000000085700000| Untracked 
|  20|0x0000000085800000, 0x0000000085800000, 0x0000000085900000|  0%| F|  |TAMS 0x0000000085800000, 0x0000000085800000| Untracked 
|  21|0x0000000085900000, 0x0000000085900000, 0x0000000085a00000|  0%| F|  |TAMS 0x0000000085900000, 0x0000000085900000| Untracked 
|  22|0x0000000085a00000, 0x0000000085a00000, 0x0000000085b00000|  0%| F|  |TAMS 0x0000000085a00000, 0x0000000085a00000| Untracked 
|  23|0x0000000085b00000, 0x0000000085b00000, 0x0000000085c00000|  0%| F|  |TAMS 0x0000000085b00000, 0x0000000085b00000| Untracked 
|  24|0x0000000085c00000, 0x0000000085c00000, 0x0000000085d00000|  0%| F|  |TAMS 0x0000000085c00000, 0x0000000085c00000| Untracked 
|  25|0x0000000085d00000, 0x0000000085d00000, 0x0000000085e00000|  0%| F|  |TAMS 0x0000000085d00000, 0x0000000085d00000| Untracked 
|  26|0x0000000085e00000, 0x0000000085e00000, 0x0000000085f00000|  0%| F|  |TAMS 0x0000000085e00000, 0x0000000085e00000| Untracked 
|  27|0x0000000085f00000, 0x0000000085f00000, 0x0000000086000000|  0%| F|  |TAMS 0x0000000085f00000, 0x0000000085f00000| Untracked 
|  28|0x0000000086000000, 0x0000000086000000, 0x0000000086100000|  0%| F|  |TAMS 0x0000000086000000, 0x0000000086000000| Untracked 
|  29|0x0000000086100000, 0x0000000086100000, 0x0000000086200000|  0%| F|  |TAMS 0x0000000086100000, 0x0000000086100000| Untracked 
|  30|0x0000000086200000, 0x0000000086200000, 0x0000000086300000|  0%| F|  |TAMS 0x0000000086200000, 0x0000000086200000| Untracked 
|  31|0x0000000086300000, 0x0000000086300000, 0x0000000086400000|  0%| F|  |TAMS 0x0000000086300000, 0x0000000086300000| Untracked 
|  32|0x0000000086400000, 0x0000000086400000, 0x0000000086500000|  0%| F|  |TAMS 0x0000000086400000, 0x0000000086400000| Untracked 
|  33|0x0000000086500000, 0x0000000086500000, 0x0000000086600000|  0%| F|  |TAMS 0x0000000086500000, 0x0000000086500000| Untracked 
|  34|0x0000000086600000, 0x0000000086600000, 0x0000000086700000|  0%| F|  |TAMS 0x0000000086600000, 0x0000000086600000| Untracked 
|  35|0x0000000086700000, 0x0000000086700000, 0x0000000086800000|  0%| F|  |TAMS 0x0000000086700000, 0x0000000086700000| Untracked 
|  36|0x0000000086800000, 0x0000000086800000, 0x0000000086900000|  0%| F|  |TAMS 0x0000000086800000, 0x0000000086800000| Untracked 
|  37|0x0000000086900000, 0x0000000086900000, 0x0000000086a00000|  0%| F|  |TAMS 0x0000000086900000, 0x0000000086900000| Untracked 
|  38|0x0000000086a00000, 0x0000000086a00000, 0x0000000086b00000|  0%| F|  |TAMS 0x0000000086a00000, 0x0000000086a00000| Untracked 
|  39|0x0000000086b00000, 0x0000000086b00000, 0x0000000086c00000|  0%| F|  |TAMS 0x0000000086b00000, 0x0000000086b00000| Untracked 
|  40|0x0000000086c00000, 0x0000000086c00000, 0x0000000086d00000|  0%| F|  |TAMS 0x0000000086c00000, 0x0000000086c00000| Untracked 
|  41|0x0000000086d00000, 0x0000000086d00000, 0x0000000086e00000|  0%| F|  |TAMS 0x0000000086d00000, 0x0000000086d00000| Untracked 
|  42|0x0000000086e00000, 0x0000000086e00000, 0x0000000086f00000|  0%| F|  |TAMS 0x0000000086e00000, 0x0000000086e00000| Untracked 
|  43|0x0000000086f00000, 0x0000000086f00000, 0x0000000087000000|  0%| F|  |TAMS 0x0000000086f00000, 0x0000000086f00000| Untracked 
|  44|0x0000000087000000, 0x0000000087000000, 0x0000000087100000|  0%| F|  |TAMS 0x0000000087000000, 0x0000000087000000| Untracked 
|  45|0x0000000087100000, 0x0000000087100000, 0x0000000087200000|  0%| F|  |TAMS 0x0000000087100000, 0x0000000087100000| Untracked 
|  46|0x0000000087200000, 0x0000000087200000, 0x0000000087300000|  0%| F|  |TAMS 0x0000000087200000, 0x0000000087200000| Untracked 
|  47|0x0000000087300000, 0x0000000087300000, 0x0000000087400000|  0%| F|  |TAMS 0x0000000087300000, 0x0000000087300000| Untracked 
|  48|0x0000000087400000, 0x0000000087400000, 0x0000000087500000|  0%| F|  |TAMS 0x0000000087400000, 0x0000000087400000| Untracked 
|  49|0x0000000087500000, 0x0000000087500000, 0x0000000087600000|  0%| F|  |TAMS 0x0000000087500000, 0x0000000087500000| Untracked 
|  50|0x0000000087600000, 0x0000000087600000, 0x0000000087700000|  0%| F|  |TAMS 0x0000000087600000, 0x0000000087600000| Untracked 
|  51|0x0000000087700000, 0x0000000087700000, 0x0000000087800000|  0%| F|  |TAMS 0x0000000087700000, 0x0000000087700000| Untracked 
|  52|0x0000000087800000, 0x0000000087800000, 0x0000000087900000|  0%| F|  |TAMS 0x0000000087800000, 0x0000000087800000| Untracked 
|  53|0x0000000087900000, 0x0000000087900000, 0x0000000087a00000|  0%| F|  |TAMS 0x0000000087900000, 0x0000000087900000| Untracked 
|  54|0x0000000087a00000, 0x0000000087a00000, 0x0000000087b00000|  0%| F|  |TAMS 0x0000000087a00000, 0x0000000087a00000| Untracked 
|  55|0x0000000087b00000, 0x0000000087b00000, 0x0000000087c00000|  0%| F|  |TAMS 0x0000000087b00000, 0x0000000087b00000| Untracked 
|  56|0x0000000087c00000, 0x0000000087c00000, 0x0000000087d00000|  0%| F|  |TAMS 0x0000000087c00000, 0x0000000087c00000| Untracked 
|  57|0x0000000087d00000, 0x0000000087d00000, 0x0000000087e00000|  0%| F|  |TAMS 0x0000000087d00000, 0x0000000087d00000| Untracked 
|  58|0x0000000087e00000, 0x0000000087e00000, 0x0000000087f00000|  0%| F|  |TAMS 0x0000000087e00000, 0x0000000087e00000| Untracked 
|  59|0x0000000087f00000, 0x0000000087f00000, 0x0000000088000000|  0%| F|  |TAMS 0x0000000087f00000, 0x0000000087f00000| Untracked 
|  60|0x0000000088000000, 0x0000000088000000, 0x0000000088100000|  0%| F|  |TAMS 0x0000000088000000, 0x0000000088000000| Untracked 
|  61|0x0000000088100000, 0x0000000088100000, 0x0000000088200000|  0%| F|  |TAMS 0x0000000088100000, 0x0000000088100000| Untracked 
|  62|0x0000000088200000, 0x0000000088200000, 0x0000000088300000|  0%| F|  |TAMS 0x0000000088200000, 0x0000000088200000| Untracked 
|  63|0x0000000088300000, 0x0000000088300000, 0x0000000088400000|  0%| F|  |TAMS 0x0000000088300000, 0x0000000088300000| Untracked 
|  64|0x0000000088400000, 0x0000000088400000, 0x0000000088500000|  0%| F|  |TAMS 0x0000000088400000, 0x0000000088400000| Untracked 
|  65|0x0000000088500000, 0x0000000088500000, 0x0000000088600000|  0%| F|  |TAMS 0x0000000088500000, 0x0000000088500000| Untracked 
|  66|0x0000000088600000, 0x0000000088600000, 0x0000000088700000|  0%| F|  |TAMS 0x0000000088600000, 0x0000000088600000| Untracked 
|  67|0x0000000088700000, 0x0000000088700000, 0x0000000088800000|  0%| F|  |TAMS 0x0000000088700000, 0x0000000088700000| Untracked 
|  68|0x0000000088800000, 0x0000000088800000, 0x0000000088900000|  0%| F|  |TAMS 0x0000000088800000, 0x0000000088800000| Untracked 
|  69|0x0000000088900000, 0x0000000088900000, 0x0000000088a00000|  0%| F|  |TAMS 0x0000000088900000, 0x0000000088900000| Untracked 
|  70|0x0000000088a00000, 0x0000000088a00000, 0x0000000088b00000|  0%| F|  |TAMS 0x0000000088a00000, 0x0000000088a00000| Untracked 
|  71|0x0000000088b00000, 0x0000000088b00000, 0x0000000088c00000|  0%| F|  |TAMS 0x0000000088b00000, 0x0000000088b00000| Untracked 
|  72|0x0000000088c00000, 0x0000000088c00000, 0x0000000088d00000|  0%| F|  |TAMS 0x0000000088c00000, 0x0000000088c00000| Untracked 
|  73|0x0000000088d00000, 0x0000000088d00000, 0x0000000088e00000|  0%| F|  |TAMS 0x0000000088d00000, 0x0000000088d00000| Untracked 
|  74|0x0000000088e00000, 0x0000000088e00000, 0x0000000088f00000|  0%| F|  |TAMS 0x0000000088e00000, 0x0000000088e00000| Untracked 
|  75|0x0000000088f00000, 0x0000000088f00000, 0x0000000089000000|  0%| F|  |TAMS 0x0000000088f00000, 0x0000000088f00000| Untracked 
|  76|0x0000000089000000, 0x0000000089000000, 0x0000000089100000|  0%| F|  |TAMS 0x0000000089000000, 0x0000000089000000| Untracked 
|  77|0x0000000089100000, 0x0000000089100000, 0x0000000089200000|  0%| F|  |TAMS 0x0000000089100000, 0x0000000089100000| Untracked 
|  78|0x0000000089200000, 0x0000000089200000, 0x0000000089300000|  0%| F|  |TAMS 0x0000000089200000, 0x0000000089200000| Untracked 
|  79|0x0000000089300000, 0x0000000089300000, 0x0000000089400000|  0%| F|  |TAMS 0x0000000089300000, 0x0000000089300000| Untracked 
|  80|0x0000000089400000, 0x0000000089400000, 0x0000000089500000|  0%| F|  |TAMS 0x0000000089400000, 0x0000000089400000| Untracked 
|  81|0x0000000089500000, 0x0000000089500000, 0x0000000089600000|  0%| F|  |TAMS 0x0000000089500000, 0x0000000089500000| Untracked 
|  82|0x0000000089600000, 0x0000000089600000, 0x0000000089700000|  0%| F|  |TAMS 0x0000000089600000, 0x0000000089600000| Untracked 
|  83|0x0000000089700000, 0x0000000089700000, 0x0000000089800000|  0%| F|  |TAMS 0x0000000089700000, 0x0000000089700000| Untracked 
|  84|0x0000000089800000, 0x0000000089800000, 0x0000000089900000|  0%| F|  |TAMS 0x0000000089800000, 0x0000000089800000| Untracked 
|  85|0x0000000089900000, 0x0000000089900000, 0x0000000089a00000|  0%| F|  |TAMS 0x0000000089900000, 0x0000000089900000| Untracked 
|  86|0x0000000089a00000, 0x0000000089a00000, 0x0000000089b00000|  0%| F|  |TAMS 0x0000000089a00000, 0x0000000089a00000| Untracked 
|  87|0x0000000089b00000, 0x0000000089b00000, 0x0000000089c00000|  0%| F|  |TAMS 0x0000000089b00000, 0x0000000089b00000| Untracked 
|  88|0x0000000089c00000, 0x0000000089c00000, 0x0000000089d00000|  0%| F|  |TAMS 0x0000000089c00000, 0x0000000089c00000| Untracked 
|  89|0x0000000089d00000, 0x0000000089d00000, 0x0000000089e00000|  0%| F|  |TAMS 0x0000000089d00000, 0x0000000089d00000| Untracked 
|  90|0x0000000089e00000, 0x0000000089e00000, 0x0000000089f00000|  0%| F|  |TAMS 0x0000000089e00000, 0x0000000089e00000| Untracked 
|  91|0x0000000089f00000, 0x0000000089f00000, 0x000000008a000000|  0%| F|  |TAMS 0x0000000089f00000, 0x0000000089f00000| Untracked 
|  92|0x000000008a000000, 0x000000008a000000, 0x000000008a100000|  0%| F|  |TAMS 0x000000008a000000, 0x000000008a000000| Untracked 
|  93|0x000000008a100000, 0x000000008a100000, 0x000000008a200000|  0%| F|  |TAMS 0x000000008a100000, 0x000000008a100000| Untracked 
|  94|0x000000008a200000, 0x000000008a200000, 0x000000008a300000|  0%| F|  |TAMS 0x000000008a200000, 0x000000008a200000| Untracked 
|  95|0x000000008a300000, 0x000000008a300000, 0x000000008a400000|  0%| F|  |TAMS 0x000000008a300000, 0x000000008a300000| Untracked 
|  96|0x000000008a400000, 0x000000008a400000, 0x000000008a500000|  0%| F|  |TAMS 0x000000008a400000, 0x000000008a400000| Untracked 
|  97|0x000000008a500000, 0x000000008a500000, 0x000000008a600000|  0%| F|  |TAMS 0x000000008a500000, 0x000000008a500000| Untracked 
|  98|0x000000008a600000, 0x000000008a600000, 0x000000008a700000|  0%| F|  |TAMS 0x000000008a600000, 0x000000008a600000| Untracked 
|  99|0x000000008a700000, 0x000000008a700000, 0x000000008a800000|  0%| F|  |TAMS 0x000000008a700000, 0x000000008a700000| Untracked 
| 100|0x000000008a800000, 0x000000008a800000, 0x000000008a900000|  0%| F|  |TAMS 0x000000008a800000, 0x000000008a800000| Untracked 
| 101|0x000000008a900000, 0x000000008a900000, 0x000000008aa00000|  0%| F|  |TAMS 0x000000008a900000, 0x000000008a900000| Untracked 
| 102|0x000000008aa00000, 0x000000008aa00000, 0x000000008ab00000|  0%| F|  |TAMS 0x000000008aa00000, 0x000000008aa00000| Untracked 
| 103|0x000000008ab00000, 0x000000008ab00000, 0x000000008ac00000|  0%| F|  |TAMS 0x000000008ab00000, 0x000000008ab00000| Untracked 
| 104|0x000000008ac00000, 0x000000008ac00000, 0x000000008ad00000|  0%| F|  |TAMS 0x000000008ac00000, 0x000000008ac00000| Untracked 
| 105|0x000000008ad00000, 0x000000008ad00000, 0x000000008ae00000|  0%| F|  |TAMS 0x000000008ad00000, 0x000000008ad00000| Untracked 
| 106|0x000000008ae00000, 0x000000008ae00000, 0x000000008af00000|  0%| F|  |TAMS 0x000000008ae00000, 0x000000008ae00000| Untracked 
| 107|0x000000008af00000, 0x000000008af00000, 0x000000008b000000|  0%| F|  |TAMS 0x000000008af00000, 0x000000008af00000| Untracked 
| 108|0x000000008b000000, 0x000000008b000000, 0x000000008b100000|  0%| F|  |TAMS 0x000000008b000000, 0x000000008b000000| Untracked 
| 109|0x000000008b100000, 0x000000008b100000, 0x000000008b200000|  0%| F|  |TAMS 0x000000008b100000, 0x000000008b100000| Untracked 
| 110|0x000000008b200000, 0x000000008b200000, 0x000000008b300000|  0%| F|  |TAMS 0x000000008b200000, 0x000000008b200000| Untracked 
| 111|0x000000008b300000, 0x000000008b300000, 0x000000008b400000|  0%| F|  |TAMS 0x000000008b300000, 0x000000008b300000| Untracked 
| 112|0x000000008b400000, 0x000000008b400000, 0x000000008b500000|  0%| F|  |TAMS 0x000000008b400000, 0x000000008b400000| Untracked 
| 113|0x000000008b500000, 0x000000008b580900, 0x000000008b600000| 50%| E|  |TAMS 0x000000008b500000, 0x000000008b500000| Complete 
| 114|0x000000008b600000, 0x000000008b700000, 0x000000008b700000|100%| E|CS|TAMS 0x000000008b600000, 0x000000008b600000| Complete 
| 115|0x000000008b700000, 0x000000008b800000, 0x000000008b800000|100%| E|CS|TAMS 0x000000008b700000, 0x000000008b700000| Complete 
| 116|0x000000008b800000, 0x000000008b900000, 0x000000008b900000|100%| E|CS|TAMS 0x000000008b800000, 0x000000008b800000| Complete 
| 117|0x000000008b900000, 0x000000008ba00000, 0x000000008ba00000|100%| E|CS|TAMS 0x000000008b900000, 0x000000008b900000| Complete 
| 118|0x000000008ba00000, 0x000000008bb00000, 0x000000008bb00000|100%| E|CS|TAMS 0x000000008ba00000, 0x000000008ba00000| Complete 
| 119|0x000000008bb00000, 0x000000008bc00000, 0x000000008bc00000|100%| E|CS|TAMS 0x000000008bb00000, 0x000000008bb00000| Complete 
| 120|0x000000008bc00000, 0x000000008bd00000, 0x000000008bd00000|100%| E|CS|TAMS 0x000000008bc00000, 0x000000008bc00000| Complete 
| 121|0x000000008bd00000, 0x000000008be00000, 0x000000008be00000|100%| E|CS|TAMS 0x000000008bd00000, 0x000000008bd00000| Complete 
| 122|0x000000008be00000, 0x000000008bf00000, 0x000000008bf00000|100%| E|CS|TAMS 0x000000008be00000, 0x000000008be00000| Complete 
| 123|0x000000008bf00000, 0x000000008c000000, 0x000000008c000000|100%| E|CS|TAMS 0x000000008bf00000, 0x000000008bf00000| Complete 

Card table byte_map: [0x0000024e4f420000,0x0000024e4f800000] _byte_map_base: 0x0000024e4effe000

Marking Bits (Prev, Next): (CMBitMap*) 0x0000024e37b29a40, (CMBitMap*) 0x0000024e37b29a80
 Prev Bits: [0x0000024e4fbe0000, 0x0000024e51ad0000)
 Next Bits: [0x0000024e51ad0000, 0x0000024e539c0000)

Polling page: 0x0000024e35a50000

Metaspace:

Usage:
  Non-class:      4.93 MB capacity,     3.95 MB ( 80%) used,   987.88 KB ( 20%) free+waste,     7.81 KB ( <1%) overhead. 
      Class:    476.00 KB capacity,   361.10 KB ( 76%) used,   111.27 KB ( 23%) free+waste,     3.62 KB ( <1%) overhead. 
       Both:      5.39 MB capacity,     4.31 MB ( 80%) used,     1.07 MB ( 20%) free+waste,    11.44 KB ( <1%) overhead. 

Virtual space:
  Non-class space:        8.00 MB reserved,       5.00 MB ( 62%) committed 
      Class space:        1.00 GB reserved,     512.00 KB ( <1%) committed 
             Both:        1.01 GB reserved,       5.50 MB ( <1%) committed 

Chunk freelists:
   Non-Class:  11.00 KB
       Class:  4.00 KB
        Both:  15.00 KB

MaxMetaspaceSize: 17179869184.00 GB
CompressedClassSpaceSize: 1.00 GB

CodeHeap 'non-profiled nmethods': size=120000Kb used=232Kb max_used=232Kb free=119767Kb
 bounds [0x0000024e477e0000, 0x0000024e47a50000, 0x0000024e4ed10000]
CodeHeap 'profiled nmethods': size=120000Kb used=1033Kb max_used=1033Kb free=118966Kb
 bounds [0x0000024e402b0000, 0x0000024e40520000, 0x0000024e477e0000]
CodeHeap 'non-nmethods': size=5760Kb used=1630Kb max_used=1630Kb free=4129Kb
 bounds [0x0000024e3fd10000, 0x0000024e3ff80000, 0x0000024e402b0000]
 total_blobs=1735 nmethods=715 adapters=933
 compilation: enabled
              stopped_count=0, restarted_count=0
 full_count=0

Compilation events (20 events):
Event: 0.643 Thread 0x0000024e5641aef0 nmethod 703 0x0000024e403afc10 code [0x0000024e403afde0, 0x0000024e403b03c8]
Event: 0.643 Thread 0x0000024e5641aef0  704   !   3       sun.nio.ch.NativeThreadSet::remove (50 bytes)
Event: 0.644 Thread 0x0000024e5641aef0 nmethod 704 0x0000024e403b0690 code [0x0000024e403b0840, 0x0000024e403b0b08]
Event: 0.644 Thread 0x0000024e5641aef0  705       1       jdk.internal.loader.URLClassPath$Loader::getBaseURL (5 bytes)
Event: 0.644 Thread 0x0000024e5641aef0 nmethod 705 0x0000024e47818b90 code [0x0000024e47818d20, 0x0000024e47818dd8]
Event: 0.644 Thread 0x0000024e5641aef0  706       3       java.lang.Integer::toUnsignedLong (7 bytes)
Event: 0.644 Thread 0x0000024e564092f0 nmethod 695 0x0000024e47819290 code [0x0000024e47819420, 0x0000024e47819658]
Event: 0.644 Thread 0x0000024e5641aef0 nmethod 706 0x0000024e403b0c90 code [0x0000024e403b0e20, 0x0000024e403b0f18]
Event: 0.644 Thread 0x0000024e5641aef0  708       3       sun.misc.Unsafe::putByte (11 bytes)
Event: 0.645 Thread 0x0000024e5641aef0 nmethod 708 0x0000024e403b0f90 code [0x0000024e403b1120, 0x0000024e403b1218]
Event: 0.645 Thread 0x0000024e5641aef0  707       3       org.lwjgl.system.MemoryUtil::write8 (19 bytes)
Event: 0.645 Thread 0x0000024e5641aef0 nmethod 707 0x0000024e403b1290 code [0x0000024e403b1440, 0x0000024e403b1678]
Event: 0.645 Thread 0x0000024e5641aef0  712       3       sun.misc.Unsafe::putInt (11 bytes)
Event: 0.645 Thread 0x0000024e5641aef0 nmethod 712 0x0000024e403b1790 code [0x0000024e403b1920, 0x0000024e403b1a18]
Event: 0.645 Thread 0x0000024e5641aef0  713       3       org.lwjgl.system.MemoryUtil::encodeASCIIUnsafe (53 bytes)
Event: 0.645 Thread 0x0000024e564092f0  714       4       java.lang.Integer::toUnsignedLong (7 bytes)
Event: 0.645 Thread 0x0000024e564092f0 nmethod 714 0x0000024e47819f90 code [0x0000024e4781a100, 0x0000024e4781a138]
Event: 0.645 Thread 0x0000024e5641aef0 nmethod 713 0x0000024e403b1a90 code [0x0000024e403b1c60, 0x0000024e403b2058]
Event: 0.645 Thread 0x0000024e5641aef0  715       3       java.lang.String::<init> (10 bytes)
Event: 0.645 Thread 0x0000024e5641aef0 nmethod 715 0x0000024e403b2210 code [0x0000024e403b23c0, 0x0000024e403b2508]

GC Heap History (0 events):
No events

Deoptimization events (20 events):
Event: 0.085 Thread 0x0000024e37ae9850 Uncommon trap: trap_request=0xffffff45 fr.pc=0x0000024e477e45bc relative=0x000000000000021c
Event: 0.085 Thread 0x0000024e37ae9850 Uncommon trap: reason=unstable_if action=reinterpret pc=0x0000024e477e45bc method=java.lang.String.hashCode()I @ 13 c2
Event: 0.085 Thread 0x0000024e37ae9850 DEOPT PACKING pc=0x0000024e477e45bc sp=0x000000509c0fe390
Event: 0.085 Thread 0x0000024e37ae9850 DEOPT UNPACKING pc=0x0000024e3fd1852f sp=0x000000509c0fe320 mode 2
Event: 0.359 Thread 0x0000024e37ae9850 Uncommon trap: trap_request=0xffffff45 fr.pc=0x0000024e478039e4 relative=0x0000000000000324
Event: 0.359 Thread 0x0000024e37ae9850 Uncommon trap: reason=unstable_if action=reinterpret pc=0x0000024e478039e4 method=java.util.jar.Manifest$FastInputStream.readLine([BII)I @ 48 c2
Event: 0.359 Thread 0x0000024e37ae9850 DEOPT PACKING pc=0x0000024e478039e4 sp=0x000000509c0fe1b0
Event: 0.359 Thread 0x0000024e37ae9850 DEOPT UNPACKING pc=0x0000024e3fd1852f sp=0x000000509c0fe148 mode 2
Event: 0.400 Thread 0x0000024e37ae9850 Uncommon trap: trap_request=0xffffff45 fr.pc=0x0000024e477fe7e0 relative=0x0000000000000060
Event: 0.400 Thread 0x0000024e37ae9850 Uncommon trap: reason=unstable_if action=reinterpret pc=0x0000024e477fe7e0 method=java.io.WinNTFileSystem.isSlash(C)Z @ 9 c2
Event: 0.400 Thread 0x0000024e37ae9850 DEOPT PACKING pc=0x0000024e477fe7e0 sp=0x000000509c0fd6c0
Event: 0.400 Thread 0x0000024e37ae9850 DEOPT UNPACKING pc=0x0000024e3fd1852f sp=0x000000509c0fd648 mode 2
Event: 0.400 Thread 0x0000024e37ae9850 Uncommon trap: trap_request=0xffffff45 fr.pc=0x0000024e478090d4 relative=0x00000000000001b4
Event: 0.400 Thread 0x0000024e37ae9850 Uncommon trap: reason=unstable_if action=reinterpret pc=0x0000024e478090d4 method=java.util.HashMap.getNode(Ljava/lang/Object;)Ljava/util/HashMap$Node; @ 53 c2
Event: 0.400 Thread 0x0000024e37ae9850 DEOPT PACKING pc=0x0000024e478090d4 sp=0x000000509c0fd690
Event: 0.400 Thread 0x0000024e37ae9850 DEOPT UNPACKING pc=0x0000024e3fd1852f sp=0x000000509c0fd5f8 mode 2
Event: 0.406 Thread 0x0000024e37ae9850 Uncommon trap: trap_request=0xffffff45 fr.pc=0x0000024e4780043c relative=0x000000000000003c
Event: 0.406 Thread 0x0000024e37ae9850 Uncommon trap: reason=unstable_if action=reinterpret pc=0x0000024e4780043c method=sun.nio.fs.WindowsPathParser.isSlash(C)Z @ 9 c2
Event: 0.406 Thread 0x0000024e37ae9850 DEOPT PACKING pc=0x0000024e4780043c sp=0x000000509c0fd810
Event: 0.406 Thread 0x0000024e37ae9850 DEOPT UNPACKING pc=0x0000024e3fd1852f sp=0x000000509c0fd798 mode 2

Classes unloaded (0 events):
No events

Classes redefined (0 events):
No events

Internal exceptions (20 events):
Event: 0.390 Thread 0x0000024e37ae9850 Exception <a 'sun/nio/fs/WindowsException'{0x000000008b793190}> (0x000000008b793190) 
thrown [./open/src/hotspot/share/prims/jni.cpp, line 578]
Event: 0.395 Thread 0x0000024e37ae9850 Exception <a 'sun/nio/fs/WindowsException'{0x000000008b794e28}> (0x000000008b794e28) 
thrown [./open/src/hotspot/share/prims/jni.cpp, line 578]
Event: 0.395 Thread 0x0000024e37ae9850 Exception <a 'sun/nio/fs/WindowsException'{0x000000008b7950f0}> (0x000000008b7950f0) 
thrown [./open/src/hotspot/share/prims/jni.cpp, line 578]
Event: 0.398 Thread 0x0000024e37ae9850 Exception <a 'sun/nio/fs/WindowsException'{0x000000008b7b3df8}> (0x000000008b7b3df8) 
thrown [./open/src/hotspot/share/prims/jni.cpp, line 578]
Event: 0.401 Thread 0x0000024e37ae9850 Exception <a 'sun/nio/fs/WindowsException'{0x000000008b7bb910}> (0x000000008b7bb910) 
thrown [./open/src/hotspot/share/prims/jni.cpp, line 578]
Event: 0.406 Thread 0x0000024e37ae9850 Exception <a 'sun/nio/fs/WindowsException'{0x000000008b7bf8a0}> (0x000000008b7bf8a0) 
thrown [./open/src/hotspot/share/prims/jni.cpp, line 578]
Event: 0.406 Thread 0x0000024e37ae9850 Exception <a 'sun/nio/fs/WindowsException'{0x000000008b7bfbf0}> (0x000000008b7bfbf0) 
thrown [./open/src/hotspot/share/prims/jni.cpp, line 578]
Event: 0.523 Thread 0x0000024e37ae9850 Exception <a 'java/lang/NoSuchMethodError'{0x000000008b632ed8}: 'void java.lang.invoke.DirectMethodHandle$Holder.invokeStaticInit(java.lang.Object, java.lang.Object)'> (0x000000008b632ed8) 
thrown [./open/src/hotspot/share/interpreter/linkResolver.cpp, line 782]
Event: 0.536 Thread 0x0000024e37ae9850 Exception <a 'sun/nio/fs/WindowsException'{0x000000008b665580}> (0x000000008b665580) 
thrown [./open/src/hotspot/share/prims/jni.cpp, line 578]
Event: 0.536 Thread 0x0000024e37ae9850 Exception <a 'sun/nio/fs/WindowsException'{0x000000008b665840}> (0x000000008b665840) 
thrown [./open/src/hotspot/share/prims/jni.cpp, line 578]
Event: 0.536 Thread 0x0000024e37ae9850 Exception <a 'sun/nio/fs/WindowsException'{0x000000008b6660e8}> (0x000000008b6660e8) 
thrown [./open/src/hotspot/share/prims/jni.cpp, line 578]
Event: 0.536 Thread 0x0000024e37ae9850 Exception <a 'sun/nio/fs/WindowsException'{0x000000008b66cd70}> (0x000000008b66cd70) 
thrown [./open/src/hotspot/share/prims/jni.cpp, line 578]
Event: 0.541 Thread 0x0000024e37ae9850 Exception <a 'sun/nio/fs/WindowsException'{0x000000008b66fae8}> (0x000000008b66fae8) 
thrown [./open/src/hotspot/share/prims/jni.cpp, line 578]
Event: 0.541 Thread 0x0000024e37ae9850 Exception <a 'sun/nio/fs/WindowsException'{0x000000008b66fe48}> (0x000000008b66fe48) 
thrown [./open/src/hotspot/share/prims/jni.cpp, line 578]
Event: 0.551 Thread 0x0000024e37ae9850 Exception <a 'java/lang/NoSuchMethodError'{0x000000008b6bfe80}: 'int java.lang.invoke.DirectMethodHandle$Holder.invokeStaticInit(java.lang.Object, java.lang.Object, int, long)'> (0x000000008b6bfe80) 
thrown [./open/src/hotspot/share/interpreter/linkResolver.cpp, line 782]
Event: 0.552 Thread 0x0000024e37ae9850 Exception <a 'java/lang/NoSuchMethodError'{0x000000008b6c5950}: 'java.lang.Object java.lang.invoke.DirectMethodHandle$Holder.newInvokeSpecial(java.lang.Object, java.lang.Object, int)'> (0x000000008b6c5950) 
thrown [./open/src/hotspot/share/interpreter/linkResolver.cpp, line 782]
Event: 0.554 Thread 0x0000024e37ae9850 Exception <a 'java/lang/NoSuchMethodError'{0x000000008b6d4958}: 'int java.lang.invoke.DirectMethodHandle$Holder.invokeStaticInit(java.lang.Object, java.lang.Object, long, long)'> (0x000000008b6d4958) 
thrown [./open/src/hotspot/share/interpreter/linkResolver.cpp, line 782]
Event: 0.554 Thread 0x0000024e37ae9850 Exception <a 'java/lang/NoSuchMethodError'{0x000000008b6daa70}: 'java.lang.Object java.lang.invoke.DirectMethodHandle$Holder.newInvokeSpecial(java.lang.Object, java.lang.Object, long)'> (0x000000008b6daa70) 
thrown [./open/src/hotspot/share/interpreter/linkResolver.cpp, line 782]
Event: 0.554 Thread 0x0000024e37ae9850 Exception <a 'java/lang/NoSuchMethodError'{0x000000008b6de7e0}: 'java.lang.Object java.lang.invoke.Invokers$Holder.linkToTargetMethod(java.lang.Object, long, java.lang.Object)'> (0x000000008b6de7e0) 
thrown [./open/src/hotspot/share/interpreter/linkResolver.cpp, line 782]
Event: 0.555 Thread 0x0000024e37ae9850 Exception <a 'java/lang/NoSuchMethodError'{0x000000008b6e60a8}: 'int java.lang.invoke.DirectMethodHandle$Holder.invokeStaticInit(java.lang.Object, java.lang.Object, java.lang.Object, long)'> (0x000000008b6e60a8) 
thrown [./open/src/hotspot/share/interpreter/linkResolver.cpp, line 782]

Events (20 events):
Event: 0.548 loading class sun/misc/Unsafe
Event: 0.548 loading class sun/misc/Unsafe done
Event: 0.549 loading class jdk/internal/reflect/UnsafeFieldAccessorFactory
Event: 0.549 loading class jdk/internal/reflect/UnsafeFieldAccessorFactory done
Event: 0.549 loading class jdk/internal/reflect/UnsafeQualifiedStaticObjectFieldAccessorImpl
Event: 0.550 loading class jdk/internal/reflect/UnsafeQualifiedStaticFieldAccessorImpl
Event: 0.550 loading class jdk/internal/reflect/UnsafeQualifiedStaticFieldAccessorImpl done
Event: 0.550 loading class jdk/internal/reflect/UnsafeQualifiedStaticObjectFieldAccessorImpl done
Event: 0.551 loading class java/util/function/LongPredicate
Event: 0.551 loading class java/util/function/LongPredicate done
Event: 0.552 loading class jdk/internal/access/foreign/MemorySegmentProxy
Event: 0.553 loading class jdk/internal/access/foreign/MemorySegmentProxy done
Event: 0.556 loading class java/math/MutableBigInteger
Event: 0.557 loading class java/math/MutableBigInteger done
Event: 0.557 loading class java/nio/InvalidMarkException
Event: 0.557 loading class java/nio/InvalidMarkException done
Event: 0.557 loading class java/nio/BufferUnderflowException
Event: 0.557 loading class java/nio/BufferUnderflowException done
Event: 0.559 loading class java/lang/IndexOutOfBoundsException
Event: 0.559 loading class java/lang/IndexOutOfBoundsException done


Dynamic libraries:
0x00007ff7252b0000 - 0x00007ff7252bf000 	C:\Program Files\Java\jdk-15.0.1\bin\javaw.exe
0x00007ffd46790000 - 0x00007ffd469a7000 	C:\WINDOWS\SYSTEM32\ntdll.dll
0x00007ffd45fa0000 - 0x00007ffd46064000 	C:\WINDOWS\System32\KERNEL32.DLL
0x00007ffd43d90000 - 0x00007ffd44135000 	C:\WINDOWS\System32\KERNELBASE.dll
0x00007ffd43c70000 - 0x00007ffd43d81000 	C:\WINDOWS\System32\ucrtbase.dll
0x00007ffd27820000 - 0x00007ffd27838000 	C:\Program Files\Java\jdk-15.0.1\bin\jli.dll
0x00007ffd34190000 - 0x00007ffd341a9000 	C:\Program Files\Java\jdk-15.0.1\bin\VCRUNTIME140.dll
0x00007ffd455b0000 - 0x00007ffd45661000 	C:\WINDOWS\System32\ADVAPI32.dll
0x00007ffd45a10000 - 0x00007ffd45ab7000 	C:\WINDOWS\System32\msvcrt.dll
0x00007ffd46090000 - 0x00007ffd46136000 	C:\WINDOWS\System32\sechost.dll
0x00007ffd45b20000 - 0x00007ffd45c37000 	C:\WINDOWS\System32\RPCRT4.dll
0x00007ffd462f0000 - 0x00007ffd4649e000 	C:\WINDOWS\System32\USER32.dll
0x00007ffd44390000 - 0x00007ffd443b6000 	C:\WINDOWS\System32\win32u.dll
0x00007ffd31260000 - 0x00007ffd314f3000 	C:\WINDOWS\WinSxS\amd64_microsoft.windows.common-controls_6595b64144ccf1df_6.0.22621.2506_none_270c5ae97388e100\COMCTL32.dll
0x00007ffd464e0000 - 0x00007ffd46509000 	C:\WINDOWS\System32\GDI32.dll
0x00007ffd44270000 - 0x00007ffd44389000 	C:\WINDOWS\System32\gdi32full.dll
0x00007ffd44440000 - 0x00007ffd444da000 	C:\WINDOWS\System32\msvcp_win.dll
0x00007ffd30e60000 - 0x00007ffd30e6a000 	C:\WINDOWS\SYSTEM32\VERSION.dll
0x00007ffd464a0000 - 0x00007ffd464d1000 	C:\WINDOWS\System32\IMM32.DLL
0x00007ffd3be10000 - 0x00007ffd3be1c000 	C:\Program Files\Java\jdk-15.0.1\bin\vcruntime140_1.dll
0x00007ffd26360000 - 0x00007ffd263f1000 	C:\Program Files\Java\jdk-15.0.1\bin\msvcp140.dll
0x00007ffcb4e70000 - 0x00007ffcb59ce000 	C:\Program Files\Java\jdk-15.0.1\bin\server\jvm.dll
0x00007ffd461c0000 - 0x00007ffd461c8000 	C:\WINDOWS\System32\PSAPI.DLL
0x00007ffd414e0000 - 0x00007ffd41514000 	C:\WINDOWS\SYSTEM32\WINMM.dll
0x00007ffd162b0000 - 0x00007ffd162b9000 	C:\WINDOWS\SYSTEM32\WSOCK32.dll
0x00007ffd466d0000 - 0x00007ffd46741000 	C:\WINDOWS\System32\WS2_32.dll
0x00007ffd42b00000 - 0x00007ffd42b18000 	C:\WINDOWS\SYSTEM32\kernel.appcore.dll
0x00007ffd38c60000 - 0x00007ffd38c6a000 	C:\Program Files\Java\jdk-15.0.1\bin\jimage.dll
0x00007ffd41260000 - 0x00007ffd41493000 	C:\WINDOWS\SYSTEM32\DBGHELP.DLL
0x00007ffd45670000 - 0x00007ffd459f9000 	C:\WINDOWS\System32\combase.dll
0x00007ffd45ec0000 - 0x00007ffd45f97000 	C:\WINDOWS\System32\OLEAUT32.dll
0x00007ffd414a0000 - 0x00007ffd414d2000 	C:\WINDOWS\SYSTEM32\dbgcore.DLL
0x00007ffd443c0000 - 0x00007ffd4443a000 	C:\WINDOWS\System32\bcryptPrimitives.dll
0x00007ffd277d0000 - 0x00007ffd277f5000 	C:\Program Files\Java\jdk-15.0.1\bin\java.dll
0x00007ffd44670000 - 0x00007ffd44ec9000 	C:\WINDOWS\System32\SHELL32.dll
0x00007ffd41a20000 - 0x00007ffd42314000 	C:\WINDOWS\SYSTEM32\windows.storage.dll
0x00007ffd418e0000 - 0x00007ffd41a1e000 	C:\WINDOWS\SYSTEM32\wintypes.dll
0x00007ffd44ed0000 - 0x00007ffd44fc3000 	C:\WINDOWS\System32\SHCORE.dll
0x00007ffd45ac0000 - 0x00007ffd45b1e000 	C:\WINDOWS\System32\shlwapi.dll
0x00007ffd43a30000 - 0x00007ffd43a56000 	C:\WINDOWS\SYSTEM32\profapi.dll
0x00007ffd20c90000 - 0x00007ffd20e10000 	C:\Program Files\Java\jdk-15.0.1\bin\awt.dll
0x00007ffd409d0000 - 0x00007ffd40a67000 	C:\WINDOWS\SYSTEM32\apphelp.dll
0x00007ffd2ce50000 - 0x00007ffd2ce69000 	C:\Program Files\Java\jdk-15.0.1\bin\net.dll
0x00007ffd39710000 - 0x00007ffd39847000 	C:\WINDOWS\SYSTEM32\WINHTTP.dll
0x00007ffd42f80000 - 0x00007ffd42fe9000 	C:\WINDOWS\system32\mswsock.dll
0x00007ffd2cd80000 - 0x00007ffd2cd92000 	C:\Program Files\Java\jdk-15.0.1\bin\nio.dll
0x00007ffd28d70000 - 0x00007ffd28d88000 	C:\Program Files\Java\jdk-15.0.1\bin\zip.dll
0x00007ffd40a90000 - 0x00007ffd40b3b000 	C:\WINDOWS\system32\uxtheme.dll
0x00007ffd44fd0000 - 0x00007ffd4511f000 	C:\WINDOWS\System32\MSCTF.dll
0x00007ffd46510000 - 0x00007ffd466b0000 	C:\WINDOWS\System32\ole32.dll
0x00007ffd40cc0000 - 0x00007ffd40ceb000 	C:\WINDOWS\system32\DWMAPI.DLL
0x00007ffcfc960000 - 0x00007ffcfca60000 	C:\WINDOWS\system32\opengl32.dll
0x00007ffcfda80000 - 0x00007ffcfdaad000 	C:\WINDOWS\SYSTEM32\GLU32.dll
0x00007ffd40b70000 - 0x00007ffd40ba6000 	C:\WINDOWS\SYSTEM32\dxcore.dll
0x00007ffd264d0000 - 0x00007ffd2654b000 	C:\Users\findy\AppData\Local\Temp\lwjgl_findy\3.3.3+5\x64\lwjgl.dll
0x00007ffd26290000 - 0x00007ffd26312000 	C:\Users\findy\AppData\Local\Temp\lwjgl_findy\3.3.3+5\x64\glfw.dll
0x00007ffd26430000 - 0x00007ffd26476000 	C:\WINDOWS\SYSTEM32\dinput8.dll
0x00007ffd26da0000 - 0x00007ffd26db1000 	C:\WINDOWS\SYSTEM32\xinput1_4.dll
0x00007ffd43740000 - 0x00007ffd4378e000 	C:\WINDOWS\SYSTEM32\cfgmgr32.dll
0x00007ffd43790000 - 0x00007ffd437bc000 	C:\WINDOWS\SYSTEM32\DEVOBJ.dll
0x00007ffd31700000 - 0x00007ffd3190a000 	C:\WINDOWS\SYSTEM32\inputhost.dll
0x00007ffd405e0000 - 0x00007ffd40713000 	C:\WINDOWS\SYSTEM32\CoreMessaging.dll
0x00007ffd431f0000 - 0x00007ffd431fc000 	C:\WINDOWS\SYSTEM32\CRYPTBASE.DLL
0x00007ffd3bb10000 - 0x00007ffd3bb5a000 	C:\WINDOWS\SYSTEM32\directxdatabasehelper.dll
0x00007ffd46240000 - 0x00007ffd462f0000 	C:\WINDOWS\System32\clbcatq.dll
0x00007ffd37bc0000 - 0x00007ffd37cf5000 	C:\Windows\System32\AppXDeploymentClient.dll
0x00007ffcae320000 - 0x00007ffcaf44b000 	C:\WINDOWS\System32\DriverStore\FileRepository\iigd_dch.inf_amd64_3fd734cf72127ac9\igxelpicd64.dll
0x00007ffd40bb0000 - 0x00007ffd40ca8000 	C:\WINDOWS\system32\dxgi.dll
0x00007ffd20190000 - 0x00007ffd202e5000 	C:\WINDOWS\System32\DriverStore\FileRepository\iigd_dch.inf_amd64_3fd734cf72127ac9\igdml64.dll
0x00007ffd34f80000 - 0x00007ffd353b8000 	C:\WINDOWS\System32\DriverStore\FileRepository\iigd_dch.inf_amd64_3fd734cf72127ac9\igdgmm64.dll
0x00007ffd44140000 - 0x00007ffd441ac000 	C:\WINDOWS\System32\WINTRUST.dll
0x00007ffd43b00000 - 0x00007ffd43c66000 	C:\WINDOWS\System32\CRYPT32.dll
0x00007ffd43230000 - 0x00007ffd43242000 	C:\WINDOWS\SYSTEM32\MSASN1.dll
0x00007ffd2cf70000 - 0x00007ffd30e1d000 	C:\WINDOWS\System32\DriverStore\FileRepository\iigd_dch.inf_amd64_3fd734cf72127ac9\igc64.dll
0x00007ffd439d0000 - 0x00007ffd43a1d000 	C:\WINDOWS\SYSTEM32\powrprof.dll
0x00007ffd439b0000 - 0x00007ffd439c3000 	C:\WINDOWS\SYSTEM32\UMPDC.dll

dbghelp: loaded successfully - version: 4.0.5 - missing functions: none
symbol engine: initialized successfully - sym options: 0x614 - pdb path: .;C:\Program Files\Java\jdk-15.0.1\bin;C:\WINDOWS\SYSTEM32;C:\WINDOWS\WinSxS\amd64_microsoft.windows.common-controls_6595b64144ccf1df_6.0.22621.2506_none_270c5ae97388e100;C:\Program Files\Java\jdk-15.0.1\bin\server;C:\Users\findy\AppData\Local\Temp\lwjgl_findy\3.3.3+5\x64;C:\WINDOWS\System32\DriverStore\FileRepository\iigd_dch.inf_amd64_3fd734cf72127ac9

VM Arguments:
jvm_args: -Dfile.encoding=Cp1252 -XX:+ShowCodeDetailsInExceptionMessages 
java_command: Main
java_class_path (initial): C:\Users\findy\Desktop\Chatter\Chatter\target\classes;C:\Users\findy\.m2\repository\org\lwjgl\lwjgl\3.3.3\lwjgl-3.3.3.jar;C:\Users\findy\.m2\repository\org\lwjgl\lwjgl-assimp\3.3.3\lwjgl-assimp-3.3.3.jar;C:\Users\findy\.m2\repository\org\lwjgl\lwjgl-bgfx\3.3.3\lwjgl-bgfx-3.3.3.jar;C:\Users\findy\.m2\repository\org\lwjgl\lwjgl-cuda\3.3.3\lwjgl-cuda-3.3.3.jar;C:\Users\findy\.m2\repository\org\lwjgl\lwjgl-egl\3.3.3\lwjgl-egl-3.3.3.jar;C:\Users\findy\.m2\repository\org\lwjgl\lwjgl-fmod\3.3.3\lwjgl-fmod-3.3.3.jar;C:\Users\findy\.m2\repository\org\lwjgl\lwjgl-freetype\3.3.3\lwjgl-freetype-3.3.3.jar;C:\Users\findy\.m2\repository\org\lwjgl\lwjgl-glfw\3.3.3\lwjgl-glfw-3.3.3.jar;C:\Users\findy\.m2\repository\org\lwjgl\lwjgl-harfbuzz\3.3.3\lwjgl-harfbuzz-3.3.3.jar;C:\Users\findy\.m2\repository\org\lwjgl\lwjgl-hwloc\3.3.3\lwjgl-hwloc-3.3.3.jar;C:\Users\findy\.m2\repository\org\lwjgl\lwjgl-jawt\3.3.3\lwjgl-jawt-3.3.3.jar;C:\Users\findy\.m2\repository\org\lwjgl\lwjgl-jemalloc\3.3.3\lwjgl-jemalloc-3.3.3.jar;C:\Users\findy\.m2\repository\org\lwjgl\lwjgl-ktx\3.3.3\lwjgl-ktx-3.3.3.jar;C:\Users\findy\.m2\repository\org\lwjgl\lwjgl-libdivide\3.3.3\lwjgl-libdivide-3.3.3.jar;C:\Users\findy\.m2\repository\org\lwjgl\lwjgl-llvm\3.3.3\lwjgl-llvm-3.3.3.jar;C:\Users\findy\.m2\repository\org\lwjgl\lwjgl-lmdb\3.3.3\lwjgl-lmdb-3.3.3.jar;C:\Users\findy\.m2\repository\org\lwjgl\lwjgl-lz4\3.3.3\lwjgl-lz4-3.3.3.jar;C:\Users\findy\.m2\repository\org\lwjgl\lwjgl-meow\3.3.3\lwjgl-meow-3.3.3.jar;C:\Users\findy\.m2\repository\org\lwjgl\lwjgl-meshoptimizer\3.3.3\lwjgl-meshoptimizer-3.3.3.jar;C:\Users\findy\.m2\repository\org\lwjgl\lwjgl-nanovg\3.3.3\lwjgl-nanovg-3.3.3.jar;C:\Users\findy\.m2\repository\org\lwjgl\lwjgl-nfd\3.3.3\lwjgl-nfd-3.3.3.jar;C:\Users\findy\.m2\repository\org\lwjgl\lwjgl-nuklear\3.3.3\lwjgl-nuklear-3.3.3.jar;C:\Users\findy\.m2\repository\org\lwjgl\lwjgl-odbc\3.3.3\lwjgl-odbc-3.3.3.jar;C:\Users\findy\.m2\repository\org\lwjgl\lwjgl-openal\3.3.3\lwjgl-openal-3
Launcher Type: SUN_STANDARD

[Global flags]
     intx CICompilerCount                          = 4                                         {product} {ergonomic}
     uint ConcGCThreads                            = 2                                         {product} {ergonomic}
     uint G1ConcRefinementThreads                  = 8                                         {product} {ergonomic}
   size_t G1HeapRegionSize                         = 1048576                                   {product} {ergonomic}
    uintx GCDrainStackTargetSize                   = 64                                        {product} {ergonomic}
   size_t InitialHeapSize                          = 130023424                                 {product} {ergonomic}
   size_t MarkStackSize                            = 4194304                                   {product} {ergonomic}
   size_t MaxHeapSize                              = 2076180480                                {product} {ergonomic}
   size_t MaxNewSize                               = 1245708288                                {product} {ergonomic}
   size_t MinHeapDeltaBytes                        = 1048576                                   {product} {ergonomic}
   size_t MinHeapSize                              = 8388608                                   {product} {ergonomic}
    uintx NonNMethodCodeHeapSize                   = 5839372                                {pd product} {ergonomic}
    uintx NonProfiledCodeHeapSize                  = 122909434                              {pd product} {ergonomic}
    uintx ProfiledCodeHeapSize                     = 122909434                              {pd product} {ergonomic}
    uintx ReservedCodeCacheSize                    = 251658240                              {pd product} {ergonomic}
     bool SegmentedCodeCache                       = true                                      {product} {ergonomic}
     bool ShowCodeDetailsInExceptionMessages       = true                                   {manageable} {command line}
   size_t SoftMaxHeapSize                          = 2076180480                             {manageable} {ergonomic}
     bool UseCompressedClassPointers               = true                                 {lp64_product} {ergonomic}
     bool UseCompressedOops                        = true                                 {lp64_product} {ergonomic}
     bool UseG1GC                                  = true                                      {product} {ergonomic}
     bool UseLargePagesIndividualAllocation        = false                                  {pd product} {ergonomic}

Logging:
Log output configuration:
 #0: stdout all=warning uptime,level,tags
 #1: stderr all=off uptime,level,tags

Environment Variables:
JAVA_HOME=C:\Program Files\Java\jdk-15.0.1
PATH=C:/Program Files/Java/jdk-15.0.1/bin/server;C:/Program Files/Java/jdk-15.0.1/bin;C:\Program Files\PlasticSCM5\server;C:\Program Files\PlasticSCM5\client;C:\Program Files\Common Files\Oracle\Java\javapath;C:\WINDOWS\system32;C:\WINDOWS;C:\WINDOWS\System32\Wbem;C:\WINDOWS\System32\WindowsPowerShell\v1.0\;C:\WINDOWS\System32\OpenSSH\;C:\Program Files\dotnet\;C:\Program Files\Git\cmd;C:\Program Files\nodejs\;C:\Program Files\apache-maven-3.9.2\bin;C:\Users\findy\AppData\Local\Microsoft\WindowsApps;C:\YugankFolder\sqlite-tools-win32-x86-3360000;C:\Users\findy\AppData\Roaming\npm;C:\Users\findy\AppData\Local\Programs\Microsoft VS Code\bin;C:\WINDOWS\system32;
USERNAME=findy
OS=Windows_NT
PROCESSOR_IDENTIFIER=Intel64 Family 6 Model 140 Stepping 1, GenuineIntel



---------------  S Y S T E M  ---------------

OS:
 Windows 10 , 64 bit Build 22621 (10.0.22621.2506)
OS uptime: 4 days 21:50 hours

CPU: total 8 (initial active 8) (4 cores per cpu, 2 threads per core) family 6 model 140 stepping 1 microcode 0xac, cmov, cx8, fxsr, mmx, sse, sse2, sse3, ssse3, sse4.1, sse4.2, popcnt, vzeroupper, avx, avx2, aes, clmul, erms, 3dnowpref, lzcnt, ht, tsc, tscinvbit, bmi1, bmi2, adx, avx512f, avx512dq, avx512cd, avx512bw, avx512vl, avx512_vpopcntdq, avx512_vpclmulqdq, avx512_vbmi, avx512_vbmi2, avx512_vaes, avx512_vnni, sha, fma, clflush, clflushopt, clwb

Memory: 4k page, system-wide physical 7914M (1129M free)
TotalPageFile size 21672M (AvailPageFile size 5384M)
current process WorkingSet (physical memory assigned to process): 164M, peak: 164M
current process commit charge ("private bytes"): 313M, peak: 313M

vm_info: Java HotSpot(TM) 64-Bit Server VM (15.0.1+9-18) for windows-amd64 JRE (15.0.1+9-18), built on Sep 15 2020 14:43:54 by "mach5one" with unknown MS VC++:1925

END.
